Requirement already satisfied: pip in ./todo-list-aws/lib/python3.7/site-packages (22.1.2)
Requirement already satisfied: radon in ./todo-list-aws/lib/python3.7/site-packages (5.1.0)
Requirement already satisfied: mando<0.7,>=0.6 in ./todo-list-aws/lib/python3.7/site-packages (from radon) (0.6.4)
Requirement already satisfied: colorama>=0.4.1 in ./todo-list-aws/lib/python3.7/site-packages (from radon) (0.4.4)
Requirement already satisfied: future in ./todo-list-aws/lib/python3.7/site-packages (from radon) (0.18.2)
Requirement already satisfied: six in ./todo-list-aws/lib/python3.7/site-packages (from mando<0.7,>=0.6->radon) (1.16.0)
Requirement already satisfied: flake8 in ./todo-list-aws/lib/python3.7/site-packages (4.0.1)
Requirement already satisfied: pyflakes<2.5.0,>=2.4.0 in ./todo-list-aws/lib/python3.7/site-packages (from flake8) (2.4.0)
Requirement already satisfied: importlib-metadata<4.3 in ./todo-list-aws/lib/python3.7/site-packages (from flake8) (4.2.0)
Requirement already satisfied: mccabe<0.7.0,>=0.6.0 in ./todo-list-aws/lib/python3.7/site-packages (from flake8) (0.6.1)
Requirement already satisfied: pycodestyle<2.9.0,>=2.8.0 in ./todo-list-aws/lib/python3.7/site-packages (from flake8) (2.8.0)
Requirement already satisfied: zipp>=0.5 in ./todo-list-aws/lib/python3.7/site-packages (from importlib-metadata<4.3->flake8) (3.8.0)
Requirement already satisfied: typing-extensions>=3.6.4 in ./todo-list-aws/lib/python3.7/site-packages (from importlib-metadata<4.3->flake8) (4.2.0)
Requirement already satisfied: flake8-polyfill in ./todo-list-aws/lib/python3.7/site-packages (1.0.2)
Requirement already satisfied: flake8 in ./todo-list-aws/lib/python3.7/site-packages (from flake8-polyfill) (4.0.1)
Requirement already satisfied: pyflakes<2.5.0,>=2.4.0 in ./todo-list-aws/lib/python3.7/site-packages (from flake8->flake8-polyfill) (2.4.0)
Requirement already satisfied: importlib-metadata<4.3 in ./todo-list-aws/lib/python3.7/site-packages (from flake8->flake8-polyfill) (4.2.0)
Requirement already satisfied: pycodestyle<2.9.0,>=2.8.0 in ./todo-list-aws/lib/python3.7/site-packages (from flake8->flake8-polyfill) (2.8.0)
Requirement already satisfied: mccabe<0.7.0,>=0.6.0 in ./todo-list-aws/lib/python3.7/site-packages (from flake8->flake8-polyfill) (0.6.1)
Requirement already satisfied: typing-extensions>=3.6.4 in ./todo-list-aws/lib/python3.7/site-packages (from importlib-metadata<4.3->flake8->flake8-polyfill) (4.2.0)
Requirement already satisfied: zipp>=0.5 in ./todo-list-aws/lib/python3.7/site-packages (from importlib-metadata<4.3->flake8->flake8-polyfill) (3.8.0)
Requirement already satisfied: bandit in ./todo-list-aws/lib/python3.7/site-packages (1.7.4)
Requirement already satisfied: PyYAML>=5.3.1 in ./todo-list-aws/lib/python3.7/site-packages (from bandit) (6.0)
Requirement already satisfied: GitPython>=1.0.1 in ./todo-list-aws/lib/python3.7/site-packages (from bandit) (3.1.27)
Requirement already satisfied: stevedore>=1.20.0 in ./todo-list-aws/lib/python3.7/site-packages (from bandit) (3.5.0)
Requirement already satisfied: gitdb<5,>=4.0.1 in ./todo-list-aws/lib/python3.7/site-packages (from GitPython>=1.0.1->bandit) (4.0.9)
Requirement already satisfied: typing-extensions>=3.7.4.3 in ./todo-list-aws/lib/python3.7/site-packages (from GitPython>=1.0.1->bandit) (4.2.0)
Requirement already satisfied: pbr!=2.1.0,>=2.0.0 in ./todo-list-aws/lib/python3.7/site-packages (from stevedore>=1.20.0->bandit) (5.9.0)
Requirement already satisfied: importlib-metadata>=1.7.0 in ./todo-list-aws/lib/python3.7/site-packages (from stevedore>=1.20.0->bandit) (4.2.0)
Requirement already satisfied: smmap<6,>=3.0.1 in ./todo-list-aws/lib/python3.7/site-packages (from gitdb<5,>=4.0.1->GitPython>=1.0.1->bandit) (5.0.0)
Requirement already satisfied: zipp>=0.5 in ./todo-list-aws/lib/python3.7/site-packages (from importlib-metadata>=1.7.0->stevedore>=1.20.0->bandit) (3.8.0)
Requirement already satisfied: pytest in ./todo-list-aws/lib/python3.7/site-packages (7.1.2)
Requirement already satisfied: tomli>=1.0.0 in ./todo-list-aws/lib/python3.7/site-packages (from pytest) (2.0.1)
Requirement already satisfied: pluggy<2.0,>=0.12 in ./todo-list-aws/lib/python3.7/site-packages (from pytest) (1.0.0)
Requirement already satisfied: importlib-metadata>=0.12 in ./todo-list-aws/lib/python3.7/site-packages (from pytest) (4.2.0)
Requirement already satisfied: packaging in ./todo-list-aws/lib/python3.7/site-packages (from pytest) (21.3)
Requirement already satisfied: attrs>=19.2.0 in ./todo-list-aws/lib/python3.7/site-packages (from pytest) (21.4.0)
Requirement already satisfied: py>=1.8.2 in ./todo-list-aws/lib/python3.7/site-packages (from pytest) (1.11.0)
Requirement already satisfied: iniconfig in ./todo-list-aws/lib/python3.7/site-packages (from pytest) (1.1.1)
Requirement already satisfied: zipp>=0.5 in ./todo-list-aws/lib/python3.7/site-packages (from importlib-metadata>=0.12->pytest) (3.8.0)
Requirement already satisfied: typing-extensions>=3.6.4 in ./todo-list-aws/lib/python3.7/site-packages (from importlib-metadata>=0.12->pytest) (4.2.0)
Requirement already satisfied: pyparsing!=3.0.5,>=2.0.2 in ./todo-list-aws/lib/python3.7/site-packages (from packaging->pytest) (3.0.9)
Requirement already satisfied: boto3 in ./todo-list-aws/lib/python3.7/site-packages (1.24.7)
Requirement already satisfied: botocore<1.28.0,>=1.27.7 in ./todo-list-aws/lib/python3.7/site-packages (from boto3) (1.27.7)
Requirement already satisfied: jmespath<2.0.0,>=0.7.1 in ./todo-list-aws/lib/python3.7/site-packages (from boto3) (1.0.0)
Requirement already satisfied: s3transfer<0.7.0,>=0.6.0 in ./todo-list-aws/lib/python3.7/site-packages (from boto3) (0.6.0)
Requirement already satisfied: python-dateutil<3.0.0,>=2.1 in ./todo-list-aws/lib/python3.7/site-packages (from botocore<1.28.0,>=1.27.7->boto3) (2.8.2)
Requirement already satisfied: urllib3<1.27,>=1.25.4 in ./todo-list-aws/lib/python3.7/site-packages (from botocore<1.28.0,>=1.27.7->boto3) (1.26.9)
Requirement already satisfied: six>=1.5 in ./todo-list-aws/lib/python3.7/site-packages (from python-dateutil<3.0.0,>=2.1->botocore<1.28.0,>=1.27.7->boto3) (1.16.0)
Requirement already satisfied: moto in ./todo-list-aws/lib/python3.7/site-packages (3.1.12)
Requirement already satisfied: responses>=0.9.0 in ./todo-list-aws/lib/python3.7/site-packages (from moto) (0.21.0)
Requirement already satisfied: cryptography>=3.3.1 in ./todo-list-aws/lib/python3.7/site-packages (from moto) (37.0.2)
Requirement already satisfied: werkzeug>=0.5 in ./todo-list-aws/lib/python3.7/site-packages (from moto) (2.1.2)
Requirement already satisfied: requests>=2.5 in ./todo-list-aws/lib/python3.7/site-packages (from moto) (2.28.0)
Requirement already satisfied: python-dateutil<3.0.0,>=2.1 in ./todo-list-aws/lib/python3.7/site-packages (from moto) (2.8.2)
Requirement already satisfied: boto3>=1.9.201 in ./todo-list-aws/lib/python3.7/site-packages (from moto) (1.24.7)
Requirement already satisfied: botocore>=1.12.201 in ./todo-list-aws/lib/python3.7/site-packages (from moto) (1.27.7)
Requirement already satisfied: pytz in ./todo-list-aws/lib/python3.7/site-packages (from moto) (2022.1)
Requirement already satisfied: MarkupSafe!=2.0.0a1 in ./todo-list-aws/lib/python3.7/site-packages (from moto) (2.1.1)
Requirement already satisfied: importlib-metadata in ./todo-list-aws/lib/python3.7/site-packages (from moto) (4.2.0)
Requirement already satisfied: Jinja2>=2.10.1 in ./todo-list-aws/lib/python3.7/site-packages (from moto) (3.1.2)
Requirement already satisfied: xmltodict in ./todo-list-aws/lib/python3.7/site-packages (from moto) (0.13.0)
Requirement already satisfied: s3transfer<0.7.0,>=0.6.0 in ./todo-list-aws/lib/python3.7/site-packages (from boto3>=1.9.201->moto) (0.6.0)
Requirement already satisfied: jmespath<2.0.0,>=0.7.1 in ./todo-list-aws/lib/python3.7/site-packages (from boto3>=1.9.201->moto) (1.0.0)
Requirement already satisfied: urllib3<1.27,>=1.25.4 in ./todo-list-aws/lib/python3.7/site-packages (from botocore>=1.12.201->moto) (1.26.9)
Requirement already satisfied: cffi>=1.12 in ./todo-list-aws/lib/python3.7/site-packages (from cryptography>=3.3.1->moto) (1.15.0)
Requirement already satisfied: six>=1.5 in ./todo-list-aws/lib/python3.7/site-packages (from python-dateutil<3.0.0,>=2.1->moto) (1.16.0)
Requirement already satisfied: idna<4,>=2.5 in ./todo-list-aws/lib/python3.7/site-packages (from requests>=2.5->moto) (3.3)
Requirement already satisfied: charset-normalizer~=2.0.0 in ./todo-list-aws/lib/python3.7/site-packages (from requests>=2.5->moto) (2.0.12)
Requirement already satisfied: certifi>=2017.4.17 in ./todo-list-aws/lib/python3.7/site-packages (from requests>=2.5->moto) (2022.5.18.1)
Requirement already satisfied: typing-extensions in ./todo-list-aws/lib/python3.7/site-packages (from responses>=0.9.0->moto) (4.2.0)
Requirement already satisfied: zipp>=0.5 in ./todo-list-aws/lib/python3.7/site-packages (from importlib-metadata->moto) (3.8.0)
Requirement already satisfied: pycparser in ./todo-list-aws/lib/python3.7/site-packages (from cffi>=1.12->cryptography>=3.3.1->moto) (2.21)
Requirement already satisfied: mock==4.0.2 in ./todo-list-aws/lib/python3.7/site-packages (4.0.2)
Requirement already satisfied: coverage==4.5.4 in ./todo-list-aws/lib/python3.7/site-packages (4.5.4)
/home/todo-list-aws/pipelines/PIPELINE-FULL-STAGING
